[debug] [2023-02-22T02:52:41.404Z] ----------------------------------------------------------------------
[debug] [2023-02-22T02:52:41.406Z] Command:       C:\Program Files\nodejs\node.exe C:\Users\varaa\AppData\Roaming\npm\node_modules\firebase-tools\lib\bin\firebase.js init
[debug] [2023-02-22T02:52:41.406Z] CLI Version:   11.23.1
[debug] [2023-02-22T02:52:41.407Z] Platform:      win32
[debug] [2023-02-22T02:52:41.407Z] Node Version:  v18.12.1
[debug] [2023-02-22T02:52:41.407Z] Time:          Tue Feb 21 2023 20:52:41 GMT-0600 (Central Standard Time)
[debug] [2023-02-22T02:52:41.408Z] ----------------------------------------------------------------------
[debug] 
[debug] [2023-02-22T02:52:41.471Z] > command requires scopes: ["email","openid","https://www.googleapis.com/auth/cloudplatformprojects.readonly","https://www.googleapis.com/auth/firebase","https://www.googleapis.com/auth/cloud-platform"]
[debug] [2023-02-22T02:52:41.472Z] > authorizing via signed-in user (vara.ada91@gmail.com)
[info] 
     ######## #### ########  ######## ########     ###     ######  ########
     ##        ##  ##     ## ##       ##     ##  ##   ##  ##       ##
     ######    ##  ########  ######   ########  #########  ######  ######
     ##        ##  ##    ##  ##       ##     ## ##     ##       ## ##
     ##       #### ##     ## ######## ########  ##     ##  ######  ########

You're about to initialize a Firebase project in this directory:

  D:\developer\workspace\projects\website-portfolios\portfolio-nextjs-main\portfolio-nextjs-main

Before we get started, keep in mind:

  * You are initializing within an existing Firebase project directory

[info] 
=== Project Setup
[info] 
[info] First, let's associate this project directory with a Firebase project.
[info] You can create multiple project aliases by running firebase use --add, 
[info] but for now we'll just set up a default project.
[info] 
[debug] [2023-02-22T02:52:50.794Z] Using project from CLI flag: nextjs-portfolio-ff610
[debug] [2023-02-22T02:52:50.796Z] >>> [apiv2][query] GET https://firebase.googleapis.com/v1beta1/projects/nextjs-portfolio-ff610 [none]
[debug] [2023-02-22T02:52:51.077Z] <<< [apiv2][status] GET https://firebase.googleapis.com/v1beta1/projects/nextjs-portfolio-ff610 403
[debug] [2023-02-22T02:52:51.077Z] <<< [apiv2][body] GET https://firebase.googleapis.com/v1beta1/projects/nextjs-portfolio-ff610 {"error":{"code":403,"message":"The caller does not have permission","status":"PERMISSION_DENIED"}}
[debug] [2023-02-22T02:52:51.077Z] HTTP Error: 403, The caller does not have permission
[debug] [2023-02-22T02:52:51.122Z] FirebaseError: HTTP Error: 403, The caller does not have permission
    at responseToError (C:\Users\varaa\AppData\Roaming\npm\node_modules\firebase-tools\lib\responseToError.js:49:12)
    at RetryOperation._fn (C:\Users\varaa\AppData\Roaming\npm\node_modules\firebase-tools\lib\apiv2.js:288:77)
    at process.processTicksAndRejections (node:internal/process/task_queues:95:5)
[error] 
[error] Error: Failed to get Firebase project nextjs-portfolio-ff610. Please make sure the project exists and your account has permission to access it.
